<?xml version="1.0" encoding="utf-8"?><testsuite errors="0" failures="0" name="pytest" skipped="0" tests="3" time="11.499"><testcase classname="test_dir.test_discover.TestDiscover" file="test_dir/test_discover.py" line="5" name="test_open" time="6.279"></testcase><testcase classname="test_dir.test_index.TestIndex" file="test_dir/test_index.py" line="7" name="test_title" time="1.604"></testcase><testcase classname="test_dir.test_vip.Testvip" file="test_dir/test_vip.py" line="7" name="test_vipopen" time="3.520"></testcase></testsuite>